<?xml version="1.0" encoding="UTF-8"?>
<testng-results ignored="0" total="12" passed="12" failed="0" skipped="0">
  <reporter-output>
  </reporter-output>
  <suite started-at="2025-02-10T14:32:56 AEDT" name="Tutorials Ninja Automation Suite" finished-at="2025-02-10T14:36:04 AEDT" duration-ms="188496">
    <groups>
    </groups>
    <test started-at="2025-02-10T14:32:56 AEDT" name="Tutorials Ninja Tests" finished-at="2025-02-10T14:36:04 AEDT" duration-ms="188496">
      <class name="com.tutorialsninjaqa.testcases.RegisterTest">
        <test-method is-config="true" signature="setup()[pri:0, instance:com.tutorialsninjaqa.testcases.RegisterTest@1750fbeb]" started-at="2025-02-10T14:32:57 AEDT" name="setup" finished-at="2025-02-10T14:33:04 AEDT" duration-ms="7368" status="PASS">
          <reporter-output>
          </reporter-output>
        </test-method> <!-- setup -->
        <test-method signature="verifyRegisteringAnAccountWithMandatoryFields()[pri:0, instance:com.tutorialsninjaqa.testcases.RegisterTest@1750fbeb]" started-at="2025-02-10T14:33:04 AEDT" name="verifyRegisteringAnAccountWithMandatoryFields" finished-at="2025-02-10T14:33:06 AEDT" duration-ms="2075" status="PASS">
          <reporter-output>
          </reporter-output>
        </test-method> <!-- verifyRegisteringAnAccountWithMandatoryFields -->
        <test-method is-config="true" signature="tearDown()[pri:0, instance:com.tutorialsninjaqa.testcases.RegisterTest@1750fbeb]" started-at="2025-02-10T14:33:06 AEDT" name="tearDown" finished-at="2025-02-10T14:33:06 AEDT" duration-ms="319" status="PASS">
          <reporter-output>
          </reporter-output>
        </test-method> <!-- tearDown -->
        <test-method is-config="true" signature="setup()[pri:0, instance:com.tutorialsninjaqa.testcases.RegisterTest@1750fbeb]" started-at="2025-02-10T14:33:06 AEDT" name="setup" finished-at="2025-02-10T14:33:14 AEDT" duration-ms="7534" status="PASS">
          <reporter-output>
          </reporter-output>
        </test-method> <!-- setup -->
        <test-method signature="verifyRegisteringAccountbyProvidingAllFields()[pri:2, instance:com.tutorialsninjaqa.testcases.RegisterTest@1750fbeb]" started-at="2025-02-10T14:33:14 AEDT" name="verifyRegisteringAccountbyProvidingAllFields" finished-at="2025-02-10T14:33:16 AEDT" duration-ms="1916" status="PASS">
          <reporter-output>
          </reporter-output>
        </test-method> <!-- verifyRegisteringAccountbyProvidingAllFields -->
        <test-method is-config="true" signature="tearDown()[pri:0, instance:com.tutorialsninjaqa.testcases.RegisterTest@1750fbeb]" started-at="2025-02-10T14:33:16 AEDT" name="tearDown" finished-at="2025-02-10T14:33:16 AEDT" duration-ms="466" status="PASS">
          <reporter-output>
          </reporter-output>
        </test-method> <!-- tearDown -->
        <test-method is-config="true" signature="setup()[pri:0, instance:com.tutorialsninjaqa.testcases.RegisterTest@1750fbeb]" started-at="2025-02-10T14:33:16 AEDT" name="setup" finished-at="2025-02-10T14:33:32 AEDT" duration-ms="16093" status="PASS">
          <reporter-output>
          </reporter-output>
        </test-method> <!-- setup -->
        <test-method signature="verifyRegisteringAccountWithoutfilinganydetails()[pri:3, instance:com.tutorialsninjaqa.testcases.RegisterTest@1750fbeb]" started-at="2025-02-10T14:33:32 AEDT" name="verifyRegisteringAccountWithoutfilinganydetails" finished-at="2025-02-10T14:33:35 AEDT" duration-ms="2389" status="PASS">
          <reporter-output>
          </reporter-output>
        </test-method> <!-- verifyRegisteringAccountWithoutfilinganydetails -->
        <test-method is-config="true" signature="tearDown()[pri:0, instance:com.tutorialsninjaqa.testcases.RegisterTest@1750fbeb]" started-at="2025-02-10T14:33:35 AEDT" name="tearDown" finished-at="2025-02-10T14:33:36 AEDT" duration-ms="1017" status="PASS">
          <reporter-output>
          </reporter-output>
        </test-method> <!-- tearDown -->
      </class> <!-- com.tutorialsninjaqa.testcases.RegisterTest -->
      <class name="com.tutorialsninjaqa.testcases.Login2Test">
        <test-method is-config="true" signature="setup()[pri:0, instance:com.tutorialsninjaqa.testcases.Login2Test@72bc6553]" started-at="2025-02-10T14:33:39 AEDT" name="setup" finished-at="2025-02-10T14:33:50 AEDT" duration-ms="10123" status="PASS">
          <reporter-output>
          </reporter-output>
        </test-method> <!-- setup -->
        <test-method signature="verifyLoginwithValidCredentials(java.lang.String,java.lang.String)[pri:1, instance:com.tutorialsninjaqa.testcases.Login2Test@72bc6553]" started-at="2025-02-10T14:33:50 AEDT" name="verifyLoginwithValidCredentials" data-provider="validCredentialssupplier" finished-at="2025-02-10T14:33:52 AEDT" duration-ms="2112" status="PASS">
          <params>
            <param index="0">
              <value>
                <![CDATA[sravanthidheer71234@gmail.com]]>
              </value>
            </param>
            <param index="1">
              <value>
                <![CDATA[12345]]>
              </value>
            </param>
          </params>
          <reporter-output>
          </reporter-output>
        </test-method> <!-- verifyLoginwithValidCredentials -->
        <test-method is-config="true" signature="tearDown()[pri:0, instance:com.tutorialsninjaqa.testcases.Login2Test@72bc6553]" started-at="2025-02-10T14:33:52 AEDT" name="tearDown" finished-at="2025-02-10T14:33:52 AEDT" duration-ms="397" status="PASS">
          <reporter-output>
          </reporter-output>
        </test-method> <!-- tearDown -->
        <test-method is-config="true" signature="setup()[pri:0, instance:com.tutorialsninjaqa.testcases.Login2Test@72bc6553]" started-at="2025-02-10T14:33:52 AEDT" name="setup" finished-at="2025-02-10T14:34:09 AEDT" duration-ms="16568" status="PASS">
          <reporter-output>
          </reporter-output>
        </test-method> <!-- setup -->
        <test-method signature="verifyLoginwithValidCredentials(java.lang.String,java.lang.String)[pri:1, instance:com.tutorialsninjaqa.testcases.Login2Test@72bc6553]" started-at="2025-02-10T14:34:09 AEDT" name="verifyLoginwithValidCredentials" data-provider="validCredentialssupplier" finished-at="2025-02-10T14:34:12 AEDT" duration-ms="2937" status="PASS">
          <params>
            <param index="0">
              <value>
                <![CDATA[sravanthidheer81234@gmail.com]]>
              </value>
            </param>
            <param index="1">
              <value>
                <![CDATA[12345]]>
              </value>
            </param>
          </params>
          <reporter-output>
          </reporter-output>
        </test-method> <!-- verifyLoginwithValidCredentials -->
        <test-method is-config="true" signature="tearDown()[pri:0, instance:com.tutorialsninjaqa.testcases.Login2Test@72bc6553]" started-at="2025-02-10T14:34:12 AEDT" name="tearDown" finished-at="2025-02-10T14:34:12 AEDT" duration-ms="628" status="PASS">
          <reporter-output>
          </reporter-output>
        </test-method> <!-- tearDown -->
        <test-method is-config="true" signature="setup()[pri:0, instance:com.tutorialsninjaqa.testcases.Login2Test@72bc6553]" started-at="2025-02-10T14:34:12 AEDT" name="setup" finished-at="2025-02-10T14:34:25 AEDT" duration-ms="12357" status="PASS">
          <reporter-output>
          </reporter-output>
        </test-method> <!-- setup -->
        <test-method signature="verifyLoginwithValidCredentials(java.lang.String,java.lang.String)[pri:1, instance:com.tutorialsninjaqa.testcases.Login2Test@72bc6553]" started-at="2025-02-10T14:34:25 AEDT" name="verifyLoginwithValidCredentials" data-provider="validCredentialssupplier" finished-at="2025-02-10T14:34:28 AEDT" duration-ms="3231" status="PASS">
          <params>
            <param index="0">
              <value>
                <![CDATA[sravanthidheer91234@gmail.com]]>
              </value>
            </param>
            <param index="1">
              <value>
                <![CDATA[12345]]>
              </value>
            </param>
          </params>
          <reporter-output>
          </reporter-output>
        </test-method> <!-- verifyLoginwithValidCredentials -->
        <test-method is-config="true" signature="tearDown()[pri:0, instance:com.tutorialsninjaqa.testcases.Login2Test@72bc6553]" started-at="2025-02-10T14:34:28 AEDT" name="tearDown" finished-at="2025-02-10T14:34:28 AEDT" duration-ms="463" status="PASS">
          <reporter-output>
          </reporter-output>
        </test-method> <!-- tearDown -->
        <test-method is-config="true" signature="setup()[pri:0, instance:com.tutorialsninjaqa.testcases.Login2Test@72bc6553]" started-at="2025-02-10T14:34:28 AEDT" name="setup" finished-at="2025-02-10T14:34:42 AEDT" duration-ms="13359" status="PASS">
          <reporter-output>
          </reporter-output>
        </test-method> <!-- setup -->
        <test-method signature="verifyLoginwithInValidCredentials()[pri:2, instance:com.tutorialsninjaqa.testcases.Login2Test@72bc6553]" started-at="2025-02-10T14:34:42 AEDT" name="verifyLoginwithInValidCredentials" finished-at="2025-02-10T14:34:43 AEDT" duration-ms="1607" status="PASS">
          <reporter-output>
          </reporter-output>
        </test-method> <!-- verifyLoginwithInValidCredentials -->
        <test-method is-config="true" signature="tearDown()[pri:0, instance:com.tutorialsninjaqa.testcases.Login2Test@72bc6553]" started-at="2025-02-10T14:34:43 AEDT" name="tearDown" finished-at="2025-02-10T14:34:44 AEDT" duration-ms="466" status="PASS">
          <reporter-output>
          </reporter-output>
        </test-method> <!-- tearDown -->
        <test-method is-config="true" signature="setup()[pri:0, instance:com.tutorialsninjaqa.testcases.Login2Test@72bc6553]" started-at="2025-02-10T14:34:44 AEDT" name="setup" finished-at="2025-02-10T14:34:57 AEDT" duration-ms="13552" status="PASS">
          <reporter-output>
          </reporter-output>
        </test-method> <!-- setup -->
        <test-method signature="verifyLoginwithInValidPassword()[pri:3, instance:com.tutorialsninjaqa.testcases.Login2Test@72bc6553]" started-at="2025-02-10T14:34:57 AEDT" name="verifyLoginwithInValidPassword" finished-at="2025-02-10T14:35:00 AEDT" duration-ms="2824" status="PASS">
          <reporter-output>
          </reporter-output>
        </test-method> <!-- verifyLoginwithInValidPassword -->
        <test-method is-config="true" signature="tearDown()[pri:0, instance:com.tutorialsninjaqa.testcases.Login2Test@72bc6553]" started-at="2025-02-10T14:35:00 AEDT" name="tearDown" finished-at="2025-02-10T14:35:02 AEDT" duration-ms="1894" status="PASS">
          <reporter-output>
          </reporter-output>
        </test-method> <!-- tearDown -->
        <test-method is-config="true" signature="setup()[pri:0, instance:com.tutorialsninjaqa.testcases.Login2Test@72bc6553]" started-at="2025-02-10T14:35:02 AEDT" name="setup" finished-at="2025-02-10T14:35:15 AEDT" duration-ms="13535" status="PASS">
          <reporter-output>
          </reporter-output>
        </test-method> <!-- setup -->
        <test-method signature="verifyLoginwithEmptyCredentials()[pri:4, instance:com.tutorialsninjaqa.testcases.Login2Test@72bc6553]" started-at="2025-02-10T14:35:15 AEDT" name="verifyLoginwithEmptyCredentials" finished-at="2025-02-10T14:35:18 AEDT" duration-ms="2129" status="PASS">
          <reporter-output>
          </reporter-output>
        </test-method> <!-- verifyLoginwithEmptyCredentials -->
        <test-method is-config="true" signature="tearDown()[pri:0, instance:com.tutorialsninjaqa.testcases.Login2Test@72bc6553]" started-at="2025-02-10T14:35:18 AEDT" name="tearDown" finished-at="2025-02-10T14:35:19 AEDT" duration-ms="1136" status="PASS">
          <reporter-output>
          </reporter-output>
        </test-method> <!-- tearDown -->
      </class> <!-- com.tutorialsninjaqa.testcases.Login2Test -->
      <class name="com.tutorialsninjaqa.testcases.SearchPageTest">
        <test-method is-config="true" signature="setup()[pri:0, instance:com.tutorialsninjaqa.testcases.SearchPageTest@66982506]" started-at="2025-02-10T14:35:19 AEDT" name="setup" finished-at="2025-02-10T14:35:28 AEDT" duration-ms="9650" status="PASS">
          <reporter-output>
          </reporter-output>
        </test-method> <!-- setup -->
        <test-method signature="VerifySearchwithValidProducts()[pri:1, instance:com.tutorialsninjaqa.testcases.SearchPageTest@66982506]" started-at="2025-02-10T14:35:28 AEDT" name="VerifySearchwithValidProducts" finished-at="2025-02-10T14:35:29 AEDT" duration-ms="633" status="PASS">
          <reporter-output>
          </reporter-output>
        </test-method> <!-- VerifySearchwithValidProducts -->
        <test-method is-config="true" signature="tearDown()[pri:0, instance:com.tutorialsninjaqa.testcases.SearchPageTest@66982506]" started-at="2025-02-10T14:35:29 AEDT" name="tearDown" finished-at="2025-02-10T14:35:29 AEDT" duration-ms="323" status="PASS">
          <reporter-output>
          </reporter-output>
        </test-method> <!-- tearDown -->
        <test-method is-config="true" signature="setup()[pri:0, instance:com.tutorialsninjaqa.testcases.SearchPageTest@66982506]" started-at="2025-02-10T14:35:29 AEDT" name="setup" finished-at="2025-02-10T14:35:40 AEDT" duration-ms="10202" status="PASS">
          <reporter-output>
          </reporter-output>
        </test-method> <!-- setup -->
        <test-method signature="VerifySearchWithIvalidProduct()[pri:2, instance:com.tutorialsninjaqa.testcases.SearchPageTest@66982506]" started-at="2025-02-10T14:35:40 AEDT" name="VerifySearchWithIvalidProduct" finished-at="2025-02-10T14:35:43 AEDT" duration-ms="3679" status="PASS">
          <reporter-output>
          </reporter-output>
        </test-method> <!-- VerifySearchWithIvalidProduct -->
        <test-method is-config="true" signature="tearDown()[pri:0, instance:com.tutorialsninjaqa.testcases.SearchPageTest@66982506]" started-at="2025-02-10T14:35:43 AEDT" name="tearDown" finished-at="2025-02-10T14:35:46 AEDT" duration-ms="2703" status="PASS">
          <reporter-output>
          </reporter-output>
        </test-method> <!-- tearDown -->
        <test-method is-config="true" signature="setup()[pri:0, instance:com.tutorialsninjaqa.testcases.SearchPageTest@66982506]" started-at="2025-02-10T14:35:46 AEDT" name="setup" finished-at="2025-02-10T14:35:56 AEDT" duration-ms="9965" status="PASS">
          <reporter-output>
          </reporter-output>
        </test-method> <!-- setup -->
        <test-method signature="verifySearchWithoutanyProduct()[pri:3, instance:com.tutorialsninjaqa.testcases.SearchPageTest@66982506]" started-at="2025-02-10T14:35:56 AEDT" name="verifySearchWithoutanyProduct" finished-at="2025-02-10T14:35:58 AEDT" duration-ms="1777" status="PASS">
          <reporter-output>
          </reporter-output>
        </test-method> <!-- verifySearchWithoutanyProduct -->
        <test-method is-config="true" signature="tearDown()[pri:0, instance:com.tutorialsninjaqa.testcases.SearchPageTest@66982506]" started-at="2025-02-10T14:35:58 AEDT" name="tearDown" finished-at="2025-02-10T14:36:04 AEDT" duration-ms="6639" status="PASS">
          <reporter-output>
          </reporter-output>
        </test-method> <!-- tearDown -->
      </class> <!-- com.tutorialsninjaqa.testcases.SearchPageTest -->
    </test> <!-- Tutorials Ninja Tests -->
  </suite> <!-- Tutorials Ninja Automation Suite -->
</testng-results>
