<?xml version="1.0" encoding="UTF-8"?>
<!-- Generated by org.testng.reporters.JUnitXMLReporter -->
<testsuite ignored="0" hostname="Lappaatu" failures="0" tests="12" name="Tutorials Ninja Tests" time="188.496" errors="0" timestamp="2025-02-10T14:36:05 AEDT">
  <testcase classname="com.tutorialsninjaqa.testcases.RegisterTest" name="verifyRegisteringAnAccountWithMandatoryFields" time="2.075"/>
  <testcase classname="com.tutorialsninjaqa.testcases.RegisterTest" name="verifyRegisteringAccountbyProvidingAllFields" time="1.916"/>
  <testcase classname="com.tutorialsninjaqa.testcases.RegisterTest" name="verifyRegisteringAccountWithoutfilinganydetails" time="2.389"/>
  <testcase classname="com.tutorialsninjaqa.testcases.Login2Test" name="verifyLoginwithValidCredentials" time="2.112"/>
  <testcase classname="com.tutorialsninjaqa.testcases.Login2Test" name="verifyLoginwithValidCredentials" time="2.937"/>
  <testcase classname="com.tutorialsninjaqa.testcases.Login2Test" name="verifyLoginwithValidCredentials" time="3.231"/>
  <testcase classname="com.tutorialsninjaqa.testcases.Login2Test" name="verifyLoginwithInValidCredentials" time="1.607"/>
  <testcase classname="com.tutorialsninjaqa.testcases.Login2Test" name="verifyLoginwithInValidPassword" time="2.824"/>
  <testcase classname="com.tutorialsninjaqa.testcases.Login2Test" name="verifyLoginwithEmptyCredentials" time="2.129"/>
  <testcase classname="com.tutorialsninjaqa.testcases.SearchPageTest" name="VerifySearchwithValidProducts" time="0.633"/>
  <testcase classname="com.tutorialsninjaqa.testcases.SearchPageTest" name="VerifySearchWithIvalidProduct" time="3.679"/>
  <testcase classname="com.tutorialsninjaqa.testcases.SearchPageTest" name="verifySearchWithoutanyProduct" time="1.777"/>
</testsuite> <!-- Tutorials Ninja Tests -->
